Using pre-set license
Built from '2021.3/staging' branch; Version is '2021.3.16f1 (4016570cf34f) revision 4200023'; Using compiler version '192829333'; Build Type 'Release'
OS: 'Windows 10  (10.0.19045) 64bit Professional' Language: 'en' Physical Memory: 16309 MB
BatchMode: 1, IsHumanControllingUs: 0, StartBugReporterOnCrash: 0, Is64bit: 1, IsPro: 1

COMMAND LINE ARGUMENTS:
C:\Program Files\Unity\Hub\Editor\2021.3.16f1\Editor\Unity.exe
-adb2
-batchMode
-noUpm
-name
AssetImportWorker2
-projectPath
C:/Users/greg/Documents/GitHub/gnanos/gameplay git
-logFile
Logs/AssetImportWorker2.log
-srvPort
51696
Successfully changed project path to: C:/Users/greg/Documents/GitHub/gnanos/gameplay git
C:/Users/greg/Documents/GitHub/gnanos/gameplay git
[UnityMemory] Configuration Parameters - Can be set up in boot.config
    "memorysetup-bucket-allocator-granularity=16"
    "memorysetup-bucket-allocator-bucket-count=8"
    "memorysetup-bucket-allocator-block-size=33554432"
    "memorysetup-bucket-allocator-block-count=8"
    "memorysetup-main-allocator-block-size=16777216"
    "memorysetup-thread-allocator-block-size=16777216"
    "memorysetup-gfx-main-allocator-block-size=16777216"
    "memorysetup-gfx-thread-allocator-block-size=16777216"
    "memorysetup-cache-allocator-block-size=4194304"
    "memorysetup-typetree-allocator-block-size=2097152"
    "memorysetup-profiler-bucket-allocator-granularity=16"
    "memorysetup-profiler-bucket-allocator-bucket-count=8"
    "memorysetup-profiler-bucket-allocator-block-size=33554432"
    "memorysetup-profiler-bucket-allocator-block-count=8"
    "memorysetup-profiler-allocator-block-size=16777216"
    "memorysetup-profiler-editor-allocator-block-size=1048576"
    "memorysetup-temp-allocator-size-main=16777216"
    "memorysetup-job-temp-allocator-block-size=2097152"
    "memorysetup-job-temp-allocator-block-size-background=1048576"
    "memorysetup-job-temp-allocator-reduction-small-platforms=262144"
    "memorysetup-temp-allocator-size-background-worker=32768"
    "memorysetup-temp-allocator-size-job-worker=262144"
    "memorysetup-temp-allocator-size-preload-manager=33554432"
    "memorysetup-temp-allocator-size-nav-mesh-worker=65536"
    "memorysetup-temp-allocator-size-audio-worker=65536"
    "memorysetup-temp-allocator-size-cloud-worker=32768"
    "memorysetup-temp-allocator-size-gi-baking-worker=262144"
    "memorysetup-temp-allocator-size-gfx=262144"
Player connection [25620] Host "[IP] 192.168.2.2 [Port] 0 [Flags] 2 [Guid] 2827317967 [EditorId] 2827317967 [Version] 1048832 [Id] WindowsEditor(7,DESKTOP-46H6DK1) [Debug] 1 [PackageName] WindowsEditor [ProjectName] Editor" joined multi-casting on [225.0.0.222:54997]...

Player connection [25620] Host "[IP] 192.168.2.2 [Port] 0 [Flags] 2 [Guid] 2827317967 [EditorId] 2827317967 [Version] 1048832 [Id] WindowsEditor(7,DESKTOP-46H6DK1) [Debug] 1 [PackageName] WindowsEditor [ProjectName] Editor" joined alternative multi-casting on [225.0.0.222:34997]...

Refreshing native plugins compatible for Editor in 73.19 ms, found 3 plugins.
Preloading 0 native plugins for Editor in 0.00 ms.
Initialize engine version: 2021.3.16f1 (4016570cf34f)
[Subsystems] Discovering subsystems at path C:/Program Files/Unity/Hub/Editor/2021.3.16f1/Editor/Data/Resources/UnitySubsystems
[Subsystems] Discovering subsystems at path C:/Users/greg/Documents/GitHub/gnanos/gameplay git/Assets
GfxDevice: creating device client; threaded=0; jobified=0
Direct3D:
    Version:  Direct3D 11.0 [level 11.1]
    Renderer: NVIDIA GeForce GTX 1050 Ti (ID=0x1c82)
    Vendor:   NVIDIA
    VRAM:     4017 MB
    Driver:   31.0.15.2824
Initialize mono
Mono path[0] = 'C:/Program Files/Unity/Hub/Editor/2021.3.16f1/Editor/Data/Managed'
Mono path[1] = 'C:/Program Files/Unity/Hub/Editor/2021.3.16f1/Editor/Data/MonoBleedingEdge/lib/mono/unityjit-win32'
Mono config path = 'C:/Program Files/Unity/Hub/Editor/2021.3.16f1/Editor/Data/MonoBleedingEdge/etc'
Using monoOptions --debugger-agent=transport=dt_socket,embedding=1,server=y,suspend=n,address=127.0.0.1:56116
Begin MonoManager ReloadAssembly
Registering precompiled unity dll's ...
Register platform support module: C:/Program Files/Unity/Hub/Editor/2021.3.16f1/Editor/Data/PlaybackEngines/WindowsStandaloneSupport/UnityEditor.WindowsStandalone.Extensions.dll
Registered in 0.006592 seconds.
Native extension for WindowsStandalone target not found
Refreshing native plugins compatible for Editor in 67.43 ms, found 3 plugins.
Preloading 0 native plugins for Editor in 0.00 ms.
Mono: successfully reloaded assembly
- Completed reload, in  0.538 seconds
Domain Reload Profiling:
	ReloadAssembly (538ms)
		BeginReloadAssembly (76ms)
			ExecutionOrderSort (0ms)
			DisableScriptedObjects (0ms)
			BackupInstance (0ms)
			ReleaseScriptingObjects (0ms)
			CreateAndSetChildDomain (1ms)
		EndReloadAssembly (362ms)
			LoadAssemblies (74ms)
			RebuildTransferFunctionScriptingTraits (0ms)
			SetupTypeCache (88ms)
			ReleaseScriptCaches (0ms)
			RebuildScriptCaches (19ms)
			SetupLoadedEditorAssemblies (214ms)
				LogAssemblyErrors (0ms)
				InitializePlatformSupportModulesInManaged (7ms)
				SetLoadedEditorAssemblies (0ms)
				RefreshPlugins (68ms)
				BeforeProcessingInitializeOnLoad (1ms)
				ProcessInitializeOnLoadAttributes (105ms)
				ProcessInitializeOnLoadMethodAttributes (34ms)
				AfterProcessingInitializeOnLoad (0ms)
				EditorAssembliesLoaded (0ms)
			ExecutionOrderSort2 (0ms)
			AwakeInstancesAfterBackupRestoration (0ms)
Platform modules already initialized, skipping
Registering precompiled user dll's ...
Registered in 0.005887 seconds.
Begin MonoManager ReloadAssembly
Symbol file LoadedFromMemory doesn't match image C:\Users\greg\Documents\GitHub\gnanos\gameplay git\Library\PackageCache\com.unity.visualscripting@1.7.8\Editor\VisualScripting.Core\Dependencies\YamlDotNet\Unity.VisualScripting.YamlDotNet.dll
Symbol file LoadedFromMemory doesn't match image C:\Users\greg\Documents\GitHub\gnanos\gameplay git\Library\PackageCache\com.unity.visualscripting@1.7.8\Editor\VisualScripting.Core\Dependencies\DotNetZip\Unity.VisualScripting.IonicZip.dll
Native extension for WindowsStandalone target not found
Refreshing native plugins compatible for Editor in 0.70 ms, found 3 plugins.
Preloading 0 native plugins for Editor in 0.00 ms.
Mono: successfully reloaded assembly
- Completed reload, in  0.824 seconds
Domain Reload Profiling:
	ReloadAssembly (825ms)
		BeginReloadAssembly (96ms)
			ExecutionOrderSort (0ms)
			DisableScriptedObjects (5ms)
			BackupInstance (0ms)
			ReleaseScriptingObjects (0ms)
			CreateAndSetChildDomain (18ms)
		EndReloadAssembly (642ms)
			LoadAssemblies (73ms)
			RebuildTransferFunctionScriptingTraits (0ms)
			SetupTypeCache (198ms)
			ReleaseScriptCaches (1ms)
			RebuildScriptCaches (35ms)
			SetupLoadedEditorAssemblies (311ms)
				LogAssemblyErrors (0ms)
				InitializePlatformSupportModulesInManaged (5ms)
				SetLoadedEditorAssemblies (0ms)
				RefreshPlugins (1ms)
				BeforeProcessingInitializeOnLoad (72ms)
				ProcessInitializeOnLoadAttributes (203ms)
				ProcessInitializeOnLoadMethodAttributes (22ms)
				AfterProcessingInitializeOnLoad (8ms)
				EditorAssembliesLoaded (0ms)
			ExecutionOrderSort2 (0ms)
			AwakeInstancesAfterBackupRestoration (4ms)
Platform modules already initialized, skipping
========================================================================
Worker process is ready to serve import requests
Launched and connected shader compiler UnityShaderCompiler.exe after 0.04 seconds
Refreshing native plugins compatible for Editor in 0.98 ms, found 3 plugins.
Preloading 0 native plugins for Editor in 0.00 ms.
Unloading 3468 Unused Serialized files (Serialized files now loaded: 0)
Unloading 27 unused Assets / (113.6 KB). Loaded Objects now: 3926.
Memory consumption went from 120.9 MB to 120.8 MB.
Total: 2.670900 ms (FindLiveObjects: 0.267900 ms CreateObjectMapping: 0.082300 ms MarkObjects: 2.222900 ms  DeleteObjects: 0.097000 ms)

AssetImportParameters requested are different than current active one (requested -> active):
  custom:video-decoder-ogg-theora: a1e56fd34408186e4bbccfd4996cb3dc -> 
  custom:container-muxer-webm: aa71ff27fc2769a1b78a27578f13a17b -> 
  custom:container-demuxer-webm: 4f35f7cbe854078d1ac9338744f61a02 -> 
  custom:video-encoder-webm-vp8: eb34c28f22e8b96e1ab97ce403110664 -> 
  custom:audio-encoder-webm-vorbis: bf7c407c2cedff20999df2af8eb42d56 -> 
  custom:framework-win-MediaFoundation: 216162199b28c13a410421893ffa2e32 -> 
  custom:container-demuxer-ogg: 62fdf1f143b41e24485cea50d1cbac27 -> 
  custom:video-decoder-webm-vp8: 9c59270c3fd7afecdb556c50c9e8de78 -> 
  custom:audio-decoder-ogg-vorbis: bf7c407c2cedff20999df2af8eb42d56 -> 
========================================================================
Received Import Request.
  Time since last request: 1632180.695787 seconds.
  path: Assets/Dice Board Game - Starter Kit/Materials/Dice_Mat.mat
  artifactKey: Guid(99f76d69a18f2554d90d9e77e05d4ab3) Importer(815301076,1909f56bfc062723c751e8b465ee728b)
Start importing Assets/Dice Board Game - Starter Kit/Materials/Dice_Mat.mat using Guid(99f76d69a18f2554d90d9e77e05d4ab3) Importer(815301076,1909f56bfc062723c751e8b465ee728b)  -> (artifact id: '1133eec73a6ae5ab98d7ddcc7260b78e') in 0.113599 seconds 
========================================================================
Received Import Request.
  Time since last request: 23.540058 seconds.
  path: Assets/Dice Board Game - Starter Kit/Meshes/Board_1.fbx
  artifactKey: Guid(6ad86a4abcb8ff2499ab3ce7990828c9) Importer(815301076,1909f56bfc062723c751e8b465ee728b)
Start importing Assets/Dice Board Game - Starter Kit/Meshes/Board_1.fbx using Guid(6ad86a4abcb8ff2499ab3ce7990828c9) Importer(815301076,1909f56bfc062723c751e8b465ee728b)  -> (artifact id: '84a5181404e374d7bf739a669b7b6d62') in 0.059221 seconds 
========================================================================
Received Import Request.
  Time since last request: 0.000027 seconds.
  path: Assets/Dice Board Game - Starter Kit/Meshes/Cubic_Home_2.fbx
  artifactKey: Guid(05060a7fe7c88aa44a816dc9063f61de) Importer(815301076,1909f56bfc062723c751e8b465ee728b)
Start importing Assets/Dice Board Game - Starter Kit/Meshes/Cubic_Home_2.fbx using Guid(05060a7fe7c88aa44a816dc9063f61de) Importer(815301076,1909f56bfc062723c751e8b465ee728b)  -> (artifact id: '1a7d6fd15cd581005c38188480445ea4') in 0.023116 seconds 
========================================================================
Received Import Request.
  Time since last request: 0.000033 seconds.
  path: Assets/Dice Board Game - Starter Kit/Meshes/Circular_Home_2.fbx
  artifactKey: Guid(59174c04ec60b564ea531dc882dce6cc) Importer(815301076,1909f56bfc062723c751e8b465ee728b)
Start importing Assets/Dice Board Game - Starter Kit/Meshes/Circular_Home_2.fbx using Guid(59174c04ec60b564ea531dc882dce6cc) Importer(815301076,1909f56bfc062723c751e8b465ee728b)  -> (artifact id: '945be0fbb9c1a51fcb25d14ddecdd4a3') in 0.024320 seconds 
========================================================================
Received Import Request.
  Time since last request: 0.000032 seconds.
  path: Assets/Dice Board Game - Starter Kit/Meshes/Cubic_Home_4.fbx
  artifactKey: Guid(4e6804acb2f522b45a4fb21088eef4b6) Importer(815301076,1909f56bfc062723c751e8b465ee728b)
Start importing Assets/Dice Board Game - Starter Kit/Meshes/Cubic_Home_4.fbx using Guid(4e6804acb2f522b45a4fb21088eef4b6) Importer(815301076,1909f56bfc062723c751e8b465ee728b)  -> (artifact id: '73ac4a761eaa0eb1cf024fe74bd9c514') in 0.021197 seconds 
========================================================================
Received Import Request.
  Time since last request: 0.000033 seconds.
  path: Assets/Dice Board Game - Starter Kit/Meshes/Circular_Home_5.fbx
  artifactKey: Guid(41488e0ace15a274e8c04a8d7ae1d2b5) Importer(815301076,1909f56bfc062723c751e8b465ee728b)
Start importing Assets/Dice Board Game - Starter Kit/Meshes/Circular_Home_5.fbx using Guid(41488e0ace15a274e8c04a8d7ae1d2b5) Importer(815301076,1909f56bfc062723c751e8b465ee728b)  -> (artifact id: '4ae5208340fb82a63464c446d3bae584') in 0.020508 seconds 
========================================================================
Received Import Request.
  Time since last request: 0.000036 seconds.
  path: Assets/Dice Board Game - Starter Kit/Meshes/Dice_D6.fbx
  artifactKey: Guid(f81da44213eca50479d31aa063d675b1) Importer(815301076,1909f56bfc062723c751e8b465ee728b)
Start importing Assets/Dice Board Game - Starter Kit/Meshes/Dice_D6.fbx using Guid(f81da44213eca50479d31aa063d675b1) Importer(815301076,1909f56bfc062723c751e8b465ee728b)  -> (artifact id: '44c4be37fe4f840e25c41e0be17ded98') in 0.021828 seconds 
========================================================================
Received Import Request.
  Time since last request: 0.000030 seconds.
  path: Assets/Dice Board Game - Starter Kit/Meshes/Cubic_Home_5.fbx
  artifactKey: Guid(d21871d748a094345aa6b40da0ec2c78) Importer(815301076,1909f56bfc062723c751e8b465ee728b)
Start importing Assets/Dice Board Game - Starter Kit/Meshes/Cubic_Home_5.fbx using Guid(d21871d748a094345aa6b40da0ec2c78) Importer(815301076,1909f56bfc062723c751e8b465ee728b)  -> (artifact id: '75544993e2a5b89f827818357cc8650d') in 0.021605 seconds 
========================================================================
Received Import Request.
  Time since last request: 59.775634 seconds.
  path: Assets/ModularLowpolyStreetsFree/Materials/Other/Textures/Pole-1_Normal.png
  artifactKey: Guid(94ce58bb592704547bcf0212b1e1551f) Importer(815301076,1909f56bfc062723c751e8b465ee728b)
Start importing Assets/ModularLowpolyStreetsFree/Materials/Other/Textures/Pole-1_Normal.png using Guid(94ce58bb592704547bcf0212b1e1551f) Importer(815301076,1909f56bfc062723c751e8b465ee728b)  -> (artifact id: 'a5a01c7bfac949b866b41e35d6aae3d1') in 0.046589 seconds 
========================================================================
Received Import Request.
  Time since last request: 0.000028 seconds.
  path: Packages/com.unity.collab-proxy/Editor/Collaborate/Assets/Icons/publish-light.png
  artifactKey: Guid(5b22e8d996934d3498b6e8b2cc8744d6) Importer(815301076,1909f56bfc062723c751e8b465ee728b)
Start importing Packages/com.unity.collab-proxy/Editor/Collaborate/Assets/Icons/publish-light.png using Guid(5b22e8d996934d3498b6e8b2cc8744d6) Importer(815301076,1909f56bfc062723c751e8b465ee728b)  -> (artifact id: 'cd2a86a5bf5b81ef6ea2fd80b56cc495') in 0.084367 seconds 
========================================================================
Received Import Request.
  Time since last request: 0.000023 seconds.
  path: Assets/ModularLowpolyStreetsFree/Materials/Other/Textures/Pole-light_AlbedoGloss.png
  artifactKey: Guid(1501206ad5b888744bef6bc8d058d6f3) Importer(815301076,1909f56bfc062723c751e8b465ee728b)
Start importing Assets/ModularLowpolyStreetsFree/Materials/Other/Textures/Pole-light_AlbedoGloss.png using Guid(1501206ad5b888744bef6bc8d058d6f3) Importer(815301076,1909f56bfc062723c751e8b465ee728b)  -> (artifact id: '044f12e44aa94355deb2d0014bc7ae93') in 0.034117 seconds 
========================================================================
Received Import Request.
  Time since last request: 0.000042 seconds.
  path: Assets/ModularLowpolyStreetsFree/Materials/Roads/Textures/Road-1-line-turn-2_AlbedoGloss.png
  artifactKey: Guid(11a8cded0aa4e0b44bc9e20ab1064dda) Importer(815301076,1909f56bfc062723c751e8b465ee728b)
Start importing Assets/ModularLowpolyStreetsFree/Materials/Roads/Textures/Road-1-line-turn-2_AlbedoGloss.png using Guid(11a8cded0aa4e0b44bc9e20ab1064dda) Importer(815301076,1909f56bfc062723c751e8b465ee728b)  -> (artifact id: '3b5b0306ccb81b87b928f26f789f3683') in 0.015367 seconds 
Editor requested this worker to shutdown with reason: Scaling down because of idle timeout
AssetImportWorker is now disconnected from the server
Process exiting
Exiting without the bug reporter. Application will terminate with return code 0